#
# Copyright (c) 2009 Nokia Corporation and/or its subsidiary(-ies).
# All rights reserved.
# This component and the accompanying materials are made available
# under the terms of "Eclipse Public License v1.0"
# which accompanies this distribution, and is available
# at the URL "http://www.eclipse.org/legal/epl-v10.html".
#
# Initial Contributors:
# Nokia Corporation - initial contribution.
#
# Contributors:
#
# Description: 
#

component	app-framework_apparc
source	\sf\mw\appsupport\appfw\apparchitecture
binary	\sf\mw\appsupport\appfw\apparchitecture\group	all
exports	\sf\mw\appsupport\appfw\apparchitecture\group
notes_source	\component_defs\release.src


ipr D 
ipr T \sf\mw\appsupport\appfw\apparchitecture\tdata
ipr T \sf\mw\appsupport\appfw\apparchitecture\tdatasrc
ipr T \sf\mw\appsupport\appfw\apparchitecture\tef

